2026-07-15 14:35:08 | WARNING  | trading_bot.client | Running in MOCK mode: no real network requests are made and no real order is placed. Use only for demonstrating CLI/logging behavior.
2026-07-15 14:35:08 | DEBUG    | trading_bot.client | REQUEST POST /fapi/v1/order (mock) params={'symbol': 'BTCUSDT', 'side': 'BUY', 'type': 'MARKET', 'quantity': 0.01, 'price': None, 'stopPrice': None, 'timestamp': 1784126108033, 'recvWindow': 5000}
2026-07-15 14:35:08 | INFO     | trading_bot.client | Placing order: symbol=BTCUSDT side=BUY type=MARKET qty=0.01 price=None stopPrice=None
2026-07-15 14:35:08 | DEBUG    | trading_bot.client | RESPONSE status=200 body={'orderId': 100000001, 'symbol': 'BTCUSDT', 'status': 'FILLED', 'clientOrderId': 'mock_100000001', 'price': '0.00', 'avgPrice': '60000.00', 'origQty': '0.01', 'executedQty': '0.01', 'type': 'MARKET', 'side': 'BUY', 'timeInForce': 'GTC', 'updateTime': 1784126108033}
2026-07-15 14:35:08 | INFO     | trading_bot.orders | Order placed successfully: orderId=100000001 status=FILLED executedQty=0.01 avgPrice=60000.00
2026-07-15 14:35:12 | WARNING  | trading_bot.client | Running in MOCK mode: no real network requests are made and no real order is placed. Use only for demonstrating CLI/logging behavior.
2026-07-15 14:35:12 | DEBUG    | trading_bot.client | REQUEST POST /fapi/v1/order (mock) params={'symbol': 'BTCUSDT', 'side': 'SELL', 'type': 'LIMIT', 'quantity': 0.01, 'price': 65000.0, 'stopPrice': None, 'timestamp': 1784126112459, 'recvWindow': 5000}
2026-07-15 14:35:12 | INFO     | trading_bot.client | Placing order: symbol=BTCUSDT side=SELL type=LIMIT qty=0.01 price=65000.0 stopPrice=None
2026-07-15 14:35:12 | DEBUG    | trading_bot.client | RESPONSE status=200 body={'orderId': 100000001, 'symbol': 'BTCUSDT', 'status': 'NEW', 'clientOrderId': 'mock_100000001', 'price': '65000.00', 'avgPrice': '0.00', 'origQty': '0.01', 'executedQty': '0', 'type': 'LIMIT', 'side': 'SELL', 'timeInForce': 'GTC', 'updateTime': 1784126112459}
2026-07-15 14:35:12 | INFO     | trading_bot.orders | Order placed successfully: orderId=100000001 status=NEW executedQty=0 avgPrice=0.00
2026-07-15 14:35:12 | WARNING  | trading_bot.client | Running in MOCK mode: no real network requests are made and no real order is placed. Use only for demonstrating CLI/logging behavior.
2026-07-15 14:35:12 | DEBUG    | trading_bot.client | REQUEST POST /fapi/v1/order (mock) params={'symbol': 'ETHUSDT', 'side': 'SELL', 'type': 'STOP', 'quantity': 0.5, 'price': 3200.0, 'stopPrice': 3250.0, 'timestamp': 1784126112617, 'recvWindow': 5000}
2026-07-15 14:35:12 | INFO     | trading_bot.client | Placing order: symbol=ETHUSDT side=SELL type=STOP qty=0.5 price=3200.0 stopPrice=3250.0
2026-07-15 14:35:12 | DEBUG    | trading_bot.client | RESPONSE status=200 body={'orderId': 100000001, 'symbol': 'ETHUSDT', 'status': 'NEW', 'clientOrderId': 'mock_100000001', 'price': '3200.00', 'avgPrice': '0.00', 'origQty': '0.5', 'executedQty': '0', 'type': 'STOP', 'side': 'SELL', 'timeInForce': 'GTC', 'updateTime': 1784126112618}
2026-07-15 14:35:12 | INFO     | trading_bot.orders | Order placed successfully: orderId=100000001 status=NEW executedQty=0 avgPrice=0.00
2026-07-15 14:35:12 | ERROR    | trading_bot | Validation failed: Price is required for LIMIT orders.
2026-07-16 12:32:32 | WARNING  | trading_bot.client | Running in MOCK mode: no real network requests are made and no real order is placed. Use only for demonstrating CLI/logging behavior.
2026-07-16 12:32:32 | DEBUG    | trading_bot.client | REQUEST POST /fapi/v1/order (mock) params={'symbol': 'BTCUSDT', 'side': 'BUY', 'type': 'MARKET', 'quantity': 0.01, 'price': None, 'stopPrice': None, 'timestamp': 1784185352803, 'recvWindow': 5000}
2026-07-16 12:32:32 | INFO     | trading_bot.client | Placing order: symbol=BTCUSDT side=BUY type=MARKET qty=0.01 price=None stopPrice=None
2026-07-16 12:32:32 | DEBUG    | trading_bot.client | RESPONSE status=200 body={'orderId': 100000001, 'symbol': 'BTCUSDT', 'status': 'FILLED', 'clientOrderId': 'mock_100000001', 'price': '0.00', 'avgPrice': '60000.00', 'origQty': '0.01', 'executedQty': '0.01', 'type': 'MARKET', 'side': 'BUY', 'timeInForce': 'GTC', 'updateTime': 1784185352804}
2026-07-16 12:32:32 | INFO     | trading_bot.orders | Order placed successfully: orderId=100000001 status=FILLED executedQty=0.01 avgPrice=60000.00
2026-07-16 12:34:47 | INFO     | trading_bot.client | Placing order: symbol=BTCUSDT side=BUY type=MARKET qty=0.01 price=None stopPrice=None
2026-07-16 12:34:47 | DEBUG    | trading_bot.client | REQUEST POST https://testnet.binancefuture.com/fapi/v1/order params={'symbol': 'BTCUSDT', 'side': 'BUY', 'type': 'MARKET', 'quantity': 0.01, 'timestamp': 1784185487735, 'recvWindow': 5000, 'signature': '***REDACTED***'}
2026-07-16 12:34:48 | DEBUG    | trading_bot.client | RESPONSE status=200 body={"orderId":22053037701,"symbol":"BTCUSDT","status":"NEW","clientOrderId":"wQdxgsmpDkzm0fYe97i2dI","price":"0.00","origQty":"0.0100","executedQty":"0.0000","cumQty":"0.0000","timeInForce":"GTC","type":"MARKET","reduceOnly":false,"closePosition":false,"side":"BUY","positionSide":"BOTH","stopPrice":"0.00","workingType":"CONTRACT_PRICE","priceProtect":false,"origType":"MARKET","priceMatch":"NONE","selfTradePreventionMode":"EXPIRE_MAKER","goodTillDate":0,"updateTime":1784185489039}
2026-07-16 12:34:48 | INFO     | trading_bot.orders | Order placed successfully: orderId=22053037701 status=NEW executedQty=0.0000 avgPrice=None
2026-07-16 12:38:34 | INFO     | trading_bot.client | Placing order: symbol=BTCUSDT side=SELL type=LIMIT qty=0.01 price=90000.0 stopPrice=None
2026-07-16 12:38:34 | DEBUG    | trading_bot.client | REQUEST POST https://testnet.binancefuture.com/fapi/v1/order params={'symbol': 'BTCUSDT', 'side': 'SELL', 'type': 'LIMIT', 'quantity': 0.01, 'price': 90000.0, 'timeInForce': 'GTC', 'timestamp': 1784185714035, 'recvWindow': 5000, 'signature': '***REDACTED***'}
2026-07-16 12:38:34 | DEBUG    | trading_bot.client | RESPONSE status=200 body={"orderId":22053576137,"symbol":"BTCUSDT","status":"NEW","clientOrderId":"xsREdQhTxkoNEdmAqvc6WJ","price":"90000.00","origQty":"0.0100","executedQty":"0.0000","cumQty":"0.0000","timeInForce":"GTC","type":"LIMIT","reduceOnly":false,"closePosition":false,"side":"SELL","positionSide":"BOTH","stopPrice":"0.00","workingType":"CONTRACT_PRICE","priceProtect":false,"origType":"LIMIT","priceMatch":"NONE","selfTradePreventionMode":"EXPIRE_MAKER","goodTillDate":0,"updateTime":1784185715578}
2026-07-16 12:38:34 | INFO     | trading_bot.orders | Order placed successfully: orderId=22053576137 status=NEW executedQty=0.0000 avgPrice=None
